
[2025-07-30 14:00:01] 正在从 微博官方接口 获取数据...
[2025-07-30 14:00:01] 成功从 微博官方接口 获取 51 条热搜。
[2025-07-30 14:00:01] 正在从 百度实时热搜榜 获取数据...
[2025-07-30 14:00:02] 成功从 百度实时热搜榜 获取 51 条热搜。
[2025-07-30 14:00:02] 
写入文件时发生错误: [Errno 2] No such file or directory: '/usr/src/microsoft-rewards-script/src/search_terms.txt'
[2025-07-30 16:00:01] 正在从 微博官方接口 获取数据...
[2025-07-30 16:00:02] 成功从 微博官方接口 获取 52 条热搜。
[2025-07-30 16:00:02] 正在从 百度实时热搜榜 获取数据...
[2025-07-30 16:00:02] 成功从 百度实时热搜榜 获取 51 条热搜。
[2025-07-30 16:00:02] 
写入文件时发生错误: [Errno 2] No such file or directory: '/usr/src/microsoft-rewards-script/src/search_terms.txt'
[2025-07-30 18:00:01] 正在从 微博官方接口 获取数据...
[2025-07-30 18:00:02] 成功从 微博官方接口 获取 50 条热搜。
[2025-07-30 18:00:02] 正在从 百度实时热搜榜 获取数据...
[2025-07-30 18:00:02] 成功从 百度实时热搜榜 获取 51 条热搜。
[2025-07-30 18:00:02] 
写入文件时发生错误: [Errno 2] No such file or directory: '/usr/src/microsoft-rewards-script/src/search_terms.txt'
[2025-07-30 20:00:01] 正在从 微博官方接口 获取数据...
[2025-07-30 20:00:01] 成功从 微博官方接口 获取 51 条热搜。
[2025-07-30 20:00:01] 正在从 百度实时热搜榜 获取数据...
[2025-07-30 20:00:02] 成功从 百度实时热搜榜 获取 51 条热搜。
[2025-07-30 20:00:02] 
写入文件时发生错误: [Errno 2] No such file or directory: '/usr/src/microsoft-rewards-script/src/search_terms.txt'
[2025-07-30 22:00:02] 正在从 微博官方接口 获取数据...
[2025-07-30 22:00:02] 成功从 微博官方接口 获取 51 条热搜。
[2025-07-30 22:00:02] 正在从 百度实时热搜榜 获取数据...
[2025-07-30 22:00:02] 成功从 百度实时热搜榜 获取 51 条热搜。
[2025-07-30 22:00:02] 
写入文件时发生错误: [Errno 2] No such file or directory: '/usr/src/microsoft-rewards-script/src/search_terms.txt'
[2025-07-31 00:00:01] 正在从 微博官方接口 获取数据...
[2025-07-31 00:00:01] 成功从 微博官方接口 获取 52 条热搜。
[2025-07-31 00:00:01] 正在从 百度实时热搜榜 获取数据...
[2025-07-31 00:00:01] 成功从 百度实时热搜榜 获取 51 条热搜。
[2025-07-31 00:00:01] 
写入文件时发生错误: [Errno 2] No such file or directory: '/usr/src/microsoft-rewards-script/src/search_terms.txt'
[2025-07-31 02:00:01] 正在从 微博官方接口 获取数据...
[2025-07-31 02:00:01] 成功从 微博官方接口 获取 50 条热搜。
[2025-07-31 02:00:01] 正在从 百度实时热搜榜 获取数据...
[2025-07-31 02:00:02] 成功从 百度实时热搜榜 获取 51 条热搜。
[2025-07-31 02:00:02] 
写入文件时发生错误: [Errno 2] No such file or directory: '/usr/src/microsoft-rewards-script/src/search_terms.txt'
[2025-07-31 04:00:02] 正在从 微博官方接口 获取数据...
[2025-07-31 04:00:02] 成功从 微博官方接口 获取 51 条热搜。
[2025-07-31 04:00:02] 正在从 百度实时热搜榜 获取数据...
[2025-07-31 04:00:02] 成功从 百度实时热搜榜 获取 51 条热搜。
[2025-07-31 04:00:02] 
写入文件时发生错误: [Errno 2] No such file or directory: '/usr/src/microsoft-rewards-script/src/search_terms.txt'
[2025-07-31 06:00:01] 正在从 微博官方接口 获取数据...
[2025-07-31 06:00:01] 成功从 微博官方接口 获取 50 条热搜。
[2025-07-31 06:00:01] 正在从 百度实时热搜榜 获取数据...
[2025-07-31 06:00:01] 成功从 百度实时热搜榜 获取 51 条热搜。
[2025-07-31 06:00:01] 
写入文件时发生错误: [Errno 2] No such file or directory: '/usr/src/microsoft-rewards-script/src/search_terms.txt'
[2025-07-31 08:00:01] 正在从 微博官方接口 获取数据...
[2025-07-31 08:00:01] 成功从 微博官方接口 获取 50 条热搜。
[2025-07-31 08:00:01] 正在从 百度实时热搜榜 获取数据...
[2025-07-31 08:00:02] 成功从 百度实时热搜榜 获取 51 条热搜。
[2025-07-31 08:00:02] 
写入文件时发生错误: [Errno 2] No such file or directory: '/usr/src/microsoft-rewards-script/src/search_terms.txt'
[2025-07-31 10:00:01] 正在从 微博官方接口 获取数据...
[2025-07-31 10:00:02] 成功从 微博官方接口 获取 51 条热搜。
[2025-07-31 10:00:02] 正在从 百度实时热搜榜 获取数据...
[2025-07-31 10:00:02] 成功从 百度实时热搜榜 获取 51 条热搜。
[2025-07-31 10:00:02] 
写入文件时发生错误: [Errno 2] No such file or directory: '/usr/src/microsoft-rewards-script/src/search_terms.txt'
[2025-07-31 12:00:02] 正在从 微博官方接口 获取数据...
[2025-07-31 12:00:02] 成功从 微博官方接口 获取 52 条热搜。
[2025-07-31 12:00:02] 正在从 百度实时热搜榜 获取数据...
[2025-07-31 12:00:02] 成功从 百度实时热搜榜 获取 51 条热搜。
[2025-07-31 12:00:02] 正在从 知乎热榜 获取数据...
[2025-07-31 12:00:02] 处理 知乎热榜 数据时发生错误: 404 Client Error: Not Found for url: https://api.zhihu.com/topsearch/hot-list
[2025-07-31 12:00:02] 
任务完成！总共 103 条热搜词已覆盖写入到 /usr/src/microsoft-rewards-script/dist/search_terms.txt
[2025-07-31 14:00:01] 正在从 微博官方接口 获取数据...
[2025-07-31 14:00:02] 成功从 微博官方接口 获取 51 条热搜。
[2025-07-31 14:00:02] 正在从 百度实时热搜榜 获取数据...
[2025-07-31 14:00:02] 成功从 百度实时热搜榜 获取 51 条热搜。
[2025-07-31 14:00:02] 正在从 知乎热榜 获取数据...
[2025-07-31 14:00:03] 处理 知乎热榜 数据时发生错误: 404 Client Error: Not Found for url: https://api.zhihu.com/topsearch/hot-list
[2025-07-31 14:00:03] 
任务完成！总共 100 条热搜词已覆盖写入到 /usr/src/microsoft-rewards-script/dist/search_terms.txt
[2025-07-31 16:00:01] 正在从 微博官方接口 获取数据...
[2025-07-31 16:00:02] 成功从 微博官方接口 获取 52 条热搜。
[2025-07-31 16:00:02] 正在从 百度实时热搜榜 获取数据...
[2025-07-31 16:00:02] 成功从 百度实时热搜榜 获取 51 条热搜。
[2025-07-31 16:00:02] 正在从 知乎热榜 获取数据...
[2025-07-31 16:00:02] 处理 知乎热榜 数据时发生错误: 404 Client Error: Not Found for url: https://api.zhihu.com/topsearch/hot-list
[2025-07-31 16:00:02] 
任务完成！总共 103 条热搜词已覆盖写入到 /usr/src/microsoft-rewards-script/dist/search_terms.txt
[2025-07-31 18:00:02] 正在从 微博官方接口 获取数据...
[2025-07-31 18:00:02] 处理 微博官方接口 数据时发生错误: 403 Client Error: Forbidden for url: https://weibo.com/ajax/side/hotSearch
[2025-07-31 18:00:02] 正在从 百度实时热搜榜 获取数据...
[2025-07-31 18:00:02] 成功从 百度实时热搜榜 获取 51 条热搜。
[2025-07-31 18:00:02] 正在从 知乎热榜 获取数据...
[2025-07-31 18:00:03] 处理 知乎热榜 数据时发生错误: 404 Client Error: Not Found for url: https://api.zhihu.com/topsearch/hot-list
[2025-07-31 18:00:03] 
任务完成！总共 51 条热搜词已覆盖写入到 /usr/src/microsoft-rewards-script/dist/search_terms.txt
[2025-07-31 20:00:01] 正在从 微博官方接口 获取数据...
[2025-07-31 20:00:02] 处理 微博官方接口 数据时发生错误: 403 Client Error: Forbidden for url: https://weibo.com/ajax/side/hotSearch
[2025-07-31 20:00:02] 正在从 百度实时热搜榜 获取数据...
[2025-07-31 20:00:02] 成功从 百度实时热搜榜 获取 51 条热搜。
[2025-07-31 20:00:02] 正在从 知乎热榜 获取数据...
[2025-07-31 20:00:02] 处理 知乎热榜 数据时发生错误: 404 Client Error: Not Found for url: https://api.zhihu.com/topsearch/hot-list
[2025-07-31 20:00:02] 
任务完成！总共 51 条热搜词已覆盖写入到 /usr/src/microsoft-rewards-script/dist/search_terms.txt
[2025-07-31 22:00:01] 正在从 微博官方接口 获取数据...
[2025-07-31 22:00:01] 处理 微博官方接口 数据时发生错误: 403 Client Error: Forbidden for url: https://weibo.com/ajax/side/hotSearch
[2025-07-31 22:00:01] 正在从 百度实时热搜榜 获取数据...
[2025-07-31 22:00:01] 成功从 百度实时热搜榜 获取 51 条热搜。
[2025-07-31 22:00:01] 正在从 知乎热榜 获取数据...
[2025-07-31 22:00:02] 处理 知乎热榜 数据时发生错误: 404 Client Error: Not Found for url: https://api.zhihu.com/topsearch/hot-list
[2025-07-31 22:00:02] 
任务完成！总共 51 条热搜词已覆盖写入到 /usr/src/microsoft-rewards-script/dist/search_terms.txt
[2025-08-01 00:00:01] 正在从 微博官方接口 获取数据...
[2025-08-01 00:00:02] 处理 微博官方接口 数据时发生错误: 403 Client Error: Forbidden for url: https://weibo.com/ajax/side/hotSearch
[2025-08-01 00:00:02] 正在从 百度实时热搜榜 获取数据...
[2025-08-01 00:00:02] 成功从 百度实时热搜榜 获取 51 条热搜。
[2025-08-01 00:00:02] 正在从 知乎热榜 获取数据...
[2025-08-01 00:00:02] 处理 知乎热榜 数据时发生错误: 404 Client Error: Not Found for url: https://api.zhihu.com/topsearch/hot-list
[2025-08-01 00:00:02] 
任务完成！总共 51 条热搜词已覆盖写入到 /usr/src/microsoft-rewards-script/dist/search_terms.txt
[2025-08-01 02:00:01] 正在从 微博官方接口 获取数据...
[2025-08-01 02:00:01] 处理 微博官方接口 数据时发生错误: 403 Client Error: Forbidden for url: https://weibo.com/ajax/side/hotSearch
[2025-08-01 02:00:01] 正在从 百度实时热搜榜 获取数据...
[2025-08-01 02:00:01] 成功从 百度实时热搜榜 获取 51 条热搜。
[2025-08-01 02:00:01] 正在从 知乎热榜 获取数据...
[2025-08-01 02:00:02] 处理 知乎热榜 数据时发生错误: 404 Client Error: Not Found for url: https://api.zhihu.com/topsearch/hot-list
[2025-08-01 02:00:02] 
任务完成！总共 51 条热搜词已覆盖写入到 /usr/src/microsoft-rewards-script/dist/search_terms.txt
[2025-08-01 04:00:01] 正在从 微博官方接口 获取数据...
[2025-08-01 04:00:02] 处理 微博官方接口 数据时发生错误: 403 Client Error: Forbidden for url: https://weibo.com/ajax/side/hotSearch
[2025-08-01 04:00:02] 正在从 百度实时热搜榜 获取数据...
[2025-08-01 04:00:02] 成功从 百度实时热搜榜 获取 51 条热搜。
[2025-08-01 04:00:02] 正在从 知乎热榜 获取数据...
[2025-08-01 04:00:02] 处理 知乎热榜 数据时发生错误: 404 Client Error: Not Found for url: https://api.zhihu.com/topsearch/hot-list
[2025-08-01 04:00:02] 
任务完成！总共 51 条热搜词已覆盖写入到 /usr/src/microsoft-rewards-script/dist/search_terms.txt
[2025-08-01 06:00:02] 正在从 微博官方接口 获取数据...
[2025-08-01 06:00:02] 处理 微博官方接口 数据时发生错误: 403 Client Error: Forbidden for url: https://weibo.com/ajax/side/hotSearch
[2025-08-01 06:00:02] 正在从 百度实时热搜榜 获取数据...
[2025-08-01 06:00:02] 成功从 百度实时热搜榜 获取 51 条热搜。
[2025-08-01 06:00:02] 正在从 知乎热榜 获取数据...
[2025-08-01 06:00:03] 处理 知乎热榜 数据时发生错误: 404 Client Error: Not Found for url: https://api.zhihu.com/topsearch/hot-list
[2025-08-01 06:00:03] 
任务完成！总共 51 条热搜词已覆盖写入到 /usr/src/microsoft-rewards-script/dist/search_terms.txt
[2025-08-01 08:00:01] 正在从 微博官方接口 获取数据...
[2025-08-01 08:00:01] 处理 微博官方接口 数据时发生错误: 403 Client Error: Forbidden for url: https://weibo.com/ajax/side/hotSearch
[2025-08-01 08:00:01] 正在从 百度实时热搜榜 获取数据...
[2025-08-01 08:00:02] 成功从 百度实时热搜榜 获取 51 条热搜。
[2025-08-01 08:00:02] 正在从 知乎热榜 获取数据...
[2025-08-01 08:00:02] 处理 知乎热榜 数据时发生错误: 404 Client Error: Not Found for url: https://api.zhihu.com/topsearch/hot-list
[2025-08-01 08:00:02] 
任务完成！总共 51 条热搜词已覆盖写入到 /usr/src/microsoft-rewards-script/dist/search_terms.txt
[2025-08-01 10:00:02] 正在从 微博官方接口 获取数据...
[2025-08-01 10:00:02] 处理 微博官方接口 数据时发生错误: 403 Client Error: Forbidden for url: https://weibo.com/ajax/side/hotSearch
[2025-08-01 10:00:02] 正在从 百度实时热搜榜 获取数据...
[2025-08-01 10:00:02] 成功从 百度实时热搜榜 获取 51 条热搜。
[2025-08-01 10:00:02] 正在从 知乎热榜 获取数据...
[2025-08-01 10:00:02] 处理 知乎热榜 数据时发生错误: 404 Client Error: Not Found for url: https://api.zhihu.com/topsearch/hot-list
[2025-08-01 10:00:02] 
任务完成！总共 51 条热搜词已覆盖写入到 /usr/src/microsoft-rewards-script/dist/search_terms.txt
[2025-08-01 12:00:01] 正在从 微博官方接口 获取数据...
[2025-08-01 12:00:01] 成功从 微博官方接口 获取 50 条热搜。
[2025-08-01 12:00:01] 正在从 百度实时热搜榜 获取数据...
[2025-08-01 12:00:02] 成功从 百度实时热搜榜 获取 51 条热搜。
[2025-08-01 12:00:02] 正在从 知乎热榜 获取数据...
[2025-08-01 12:00:02] 处理 知乎热榜 数据时发生错误: 404 Client Error: Not Found for url: https://api.zhihu.com/topsearch/hot-list
[2025-08-01 12:00:02] 
任务完成！总共 100 条热搜词已覆盖写入到 /usr/src/microsoft-rewards-script/dist/search_terms.txt
[2025-08-01 14:00:01] 正在从 微博官方接口 获取数据...
[2025-08-01 14:00:02] 处理 微博官方接口 数据时发生错误: 403 Client Error: Forbidden for url: https://weibo.com/ajax/side/hotSearch
[2025-08-01 14:00:02] 正在从 百度实时热搜榜 获取数据...
[2025-08-01 14:00:02] 成功从 百度实时热搜榜 获取 51 条热搜。
[2025-08-01 14:00:02] 正在从 知乎热榜 获取数据...
[2025-08-01 14:00:02] 处理 知乎热榜 数据时发生错误: 404 Client Error: Not Found for url: https://api.zhihu.com/topsearch/hot-list
[2025-08-01 14:00:02] 
任务完成！总共 51 条热搜词已覆盖写入到 /usr/src/microsoft-rewards-script/dist/search_terms.txt
[2025-08-01 16:00:02] 正在从 微博官方接口 获取数据...
[2025-08-01 16:00:02] 处理 微博官方接口 数据时发生错误: 403 Client Error: Forbidden for url: https://weibo.com/ajax/side/hotSearch
[2025-08-01 16:00:02] 正在从 百度实时热搜榜 获取数据...
[2025-08-01 16:00:03] 成功从 百度实时热搜榜 获取 51 条热搜。
[2025-08-01 16:00:03] 正在从 知乎热榜 获取数据...
[2025-08-01 16:00:03] 处理 知乎热榜 数据时发生错误: 404 Client Error: Not Found for url: https://api.zhihu.com/topsearch/hot-list
[2025-08-01 16:00:03] 
任务完成！总共 51 条热搜词已覆盖写入到 /usr/src/microsoft-rewards-script/dist/search_terms.txt
[2025-08-01 18:00:02] 正在从 微博官方接口 获取数据...
[2025-08-01 18:00:02] 处理 微博官方接口 数据时发生错误: 403 Client Error: Forbidden for url: https://weibo.com/ajax/side/hotSearch
[2025-08-01 18:00:02] 正在从 百度实时热搜榜 获取数据...
[2025-08-01 18:00:02] 成功从 百度实时热搜榜 获取 51 条热搜。
[2025-08-01 18:00:02] 正在从 知乎热榜 获取数据...
[2025-08-01 18:00:02] 处理 知乎热榜 数据时发生错误: 404 Client Error: Not Found for url: https://api.zhihu.com/topsearch/hot-list
[2025-08-01 18:00:02] 
任务完成！总共 51 条热搜词已覆盖写入到 /usr/src/microsoft-rewards-script/dist/search_terms.txt
[2025-08-01 20:00:01] 正在从 微博官方接口 获取数据...
[2025-08-01 20:00:02] 处理 微博官方接口 数据时发生错误: 403 Client Error: Forbidden for url: https://weibo.com/ajax/side/hotSearch
[2025-08-01 20:00:02] 正在从 百度实时热搜榜 获取数据...
[2025-08-01 20:00:02] 成功从 百度实时热搜榜 获取 51 条热搜。
[2025-08-01 20:00:02] 正在从 知乎热榜 获取数据...
[2025-08-01 20:00:02] 处理 知乎热榜 数据时发生错误: 404 Client Error: Not Found for url: https://api.zhihu.com/topsearch/hot-list
[2025-08-01 20:00:02] 
任务完成！总共 51 条热搜词已覆盖写入到 /usr/src/microsoft-rewards-script/dist/search_terms.txt
[2025-08-01 22:00:01] 正在从 微博官方接口 获取数据...
[2025-08-01 22:00:01] 处理 微博官方接口 数据时发生错误: 403 Client Error: Forbidden for url: https://weibo.com/ajax/side/hotSearch
[2025-08-01 22:00:01] 正在从 百度实时热搜榜 获取数据...
[2025-08-01 22:00:02] 成功从 百度实时热搜榜 获取 51 条热搜。
[2025-08-01 22:00:02] 正在从 知乎热榜 获取数据...
[2025-08-01 22:00:02] 处理 知乎热榜 数据时发生错误: 404 Client Error: Not Found for url: https://api.zhihu.com/topsearch/hot-list
[2025-08-01 22:00:02] 
任务完成！总共 51 条热搜词已覆盖写入到 /usr/src/microsoft-rewards-script/dist/search_terms.txt
[2025-08-02 00:00:02] 正在从 微博官方接口 获取数据...
[2025-08-02 00:00:02] 处理 微博官方接口 数据时发生错误: 403 Client Error: Forbidden for url: https://weibo.com/ajax/side/hotSearch
[2025-08-02 00:00:02] 正在从 百度实时热搜榜 获取数据...
[2025-08-02 00:00:02] 成功从 百度实时热搜榜 获取 51 条热搜。
[2025-08-02 00:00:02] 正在从 知乎热榜 获取数据...
[2025-08-02 00:00:02] 处理 知乎热榜 数据时发生错误: 404 Client Error: Not Found for url: https://api.zhihu.com/topsearch/hot-list
[2025-08-02 00:00:02] 
任务完成！总共 51 条热搜词已覆盖写入到 /usr/src/microsoft-rewards-script/dist/search_terms.txt
[2025-08-02 02:00:01] 正在从 微博官方接口 获取数据...
[2025-08-02 02:00:01] 处理 微博官方接口 数据时发生错误: 403 Client Error: Forbidden for url: https://weibo.com/ajax/side/hotSearch
[2025-08-02 02:00:01] 正在从 百度实时热搜榜 获取数据...
[2025-08-02 02:00:02] 成功从 百度实时热搜榜 获取 51 条热搜。
[2025-08-02 02:00:02] 正在从 知乎热榜 获取数据...
[2025-08-02 02:00:02] 处理 知乎热榜 数据时发生错误: 404 Client Error: Not Found for url: https://api.zhihu.com/topsearch/hot-list
[2025-08-02 02:00:02] 
任务完成！总共 51 条热搜词已覆盖写入到 /usr/src/microsoft-rewards-script/dist/search_terms.txt
[2025-08-02 04:00:01] 正在从 微博官方接口 获取数据...
[2025-08-02 04:00:02] 处理 微博官方接口 数据时发生错误: 403 Client Error: Forbidden for url: https://weibo.com/ajax/side/hotSearch
[2025-08-02 04:00:02] 正在从 百度实时热搜榜 获取数据...
[2025-08-02 04:00:02] 成功从 百度实时热搜榜 获取 51 条热搜。
[2025-08-02 04:00:02] 正在从 知乎热榜 获取数据...
[2025-08-02 04:00:02] 处理 知乎热榜 数据时发生错误: 404 Client Error: Not Found for url: https://api.zhihu.com/topsearch/hot-list
[2025-08-02 04:00:02] 
任务完成！总共 51 条热搜词已覆盖写入到 /usr/src/microsoft-rewards-script/dist/search_terms.txt
[2025-08-02 06:00:01] 正在从 微博官方接口 获取数据...
[2025-08-02 06:00:02] 处理 微博官方接口 数据时发生错误: 403 Client Error: Forbidden for url: https://weibo.com/ajax/side/hotSearch
[2025-08-02 06:00:02] 正在从 百度实时热搜榜 获取数据...
[2025-08-02 06:00:02] 成功从 百度实时热搜榜 获取 51 条热搜。
[2025-08-02 06:00:02] 正在从 知乎热榜 获取数据...
[2025-08-02 06:00:03] 处理 知乎热榜 数据时发生错误: 404 Client Error: Not Found for url: https://api.zhihu.com/topsearch/hot-list
[2025-08-02 06:00:03] 
任务完成！总共 51 条热搜词已覆盖写入到 /usr/src/microsoft-rewards-script/dist/search_terms.txt
[2025-08-02 08:00:01] 正在从 微博官方接口 获取数据...
[2025-08-02 08:00:01] 处理 微博官方接口 数据时发生错误: 403 Client Error: Forbidden for url: https://weibo.com/ajax/side/hotSearch
[2025-08-02 08:00:01] 正在从 百度实时热搜榜 获取数据...
[2025-08-02 08:00:02] 成功从 百度实时热搜榜 获取 51 条热搜。
[2025-08-02 08:00:02] 正在从 知乎热榜 获取数据...
[2025-08-02 08:00:02] 处理 知乎热榜 数据时发生错误: 404 Client Error: Not Found for url: https://api.zhihu.com/topsearch/hot-list
[2025-08-02 08:00:02] 
任务完成！总共 51 条热搜词已覆盖写入到 /usr/src/microsoft-rewards-script/dist/search_terms.txt
[2025-08-02 10:00:02] 正在从 微博官方接口 获取数据...
[2025-08-02 10:00:02] 处理 微博官方接口 数据时发生错误: 403 Client Error: Forbidden for url: https://weibo.com/ajax/side/hotSearch
[2025-08-02 10:00:02] 正在从 百度实时热搜榜 获取数据...
[2025-08-02 10:00:02] 成功从 百度实时热搜榜 获取 51 条热搜。
[2025-08-02 10:00:02] 正在从 知乎热榜 获取数据...
[2025-08-02 10:00:02] 处理 知乎热榜 数据时发生错误: 404 Client Error: Not Found for url: https://api.zhihu.com/topsearch/hot-list
[2025-08-02 10:00:02] 
任务完成！总共 51 条热搜词已覆盖写入到 /usr/src/microsoft-rewards-script/dist/search_terms.txt
[2025-08-02 12:00:01] 正在从 微博官方接口 获取数据...
[2025-08-02 12:00:01] 处理 微博官方接口 数据时发生错误: 403 Client Error: Forbidden for url: https://weibo.com/ajax/side/hotSearch
[2025-08-02 12:00:01] 正在从 百度实时热搜榜 获取数据...
[2025-08-02 12:00:01] 成功从 百度实时热搜榜 获取 51 条热搜。
[2025-08-02 12:00:01] 正在从 知乎热榜 获取数据...
[2025-08-02 12:00:02] 处理 知乎热榜 数据时发生错误: 404 Client Error: Not Found for url: https://api.zhihu.com/topsearch/hot-list
[2025-08-02 12:00:02] 
任务完成！总共 51 条热搜词已覆盖写入到 /usr/src/microsoft-rewards-script/dist/search_terms.txt
[2025-08-02 14:00:01] 正在从 微博官方接口 获取数据...
[2025-08-02 14:00:02] 处理 微博官方接口 数据时发生错误: 403 Client Error: Forbidden for url: https://weibo.com/ajax/side/hotSearch
[2025-08-02 14:00:02] 正在从 百度实时热搜榜 获取数据...
[2025-08-02 14:00:02] 成功从 百度实时热搜榜 获取 51 条热搜。
[2025-08-02 14:00:02] 正在从 知乎热榜 获取数据...
[2025-08-02 14:00:02] 处理 知乎热榜 数据时发生错误: 404 Client Error: Not Found for url: https://api.zhihu.com/topsearch/hot-list
[2025-08-02 14:00:02] 
任务完成！总共 51 条热搜词已覆盖写入到 /usr/src/microsoft-rewards-script/dist/search_terms.txt
[2025-08-02 16:00:02] 正在从 微博官方接口 获取数据...
[2025-08-02 16:00:02] 处理 微博官方接口 数据时发生错误: 403 Client Error: Forbidden for url: https://weibo.com/ajax/side/hotSearch
[2025-08-02 16:00:02] 正在从 百度实时热搜榜 获取数据...
[2025-08-02 16:00:02] 成功从 百度实时热搜榜 获取 51 条热搜。
[2025-08-02 16:00:02] 正在从 知乎热榜 获取数据...
[2025-08-02 16:00:02] 处理 知乎热榜 数据时发生错误: 404 Client Error: Not Found for url: https://api.zhihu.com/topsearch/hot-list
[2025-08-02 16:00:02] 
任务完成！总共 51 条热搜词已覆盖写入到 /usr/src/microsoft-rewards-script/dist/search_terms.txt
[2025-08-02 18:00:01] 正在从 微博官方接口 获取数据...
[2025-08-02 18:00:02] 处理 微博官方接口 数据时发生错误: 403 Client Error: Forbidden for url: https://weibo.com/ajax/side/hotSearch
[2025-08-02 18:00:02] 正在从 百度实时热搜榜 获取数据...
[2025-08-02 18:00:02] 成功从 百度实时热搜榜 获取 51 条热搜。
[2025-08-02 18:00:02] 正在从 知乎热榜 获取数据...
[2025-08-02 18:00:03] 处理 知乎热榜 数据时发生错误: 404 Client Error: Not Found for url: https://api.zhihu.com/topsearch/hot-list
[2025-08-02 18:00:03] 
任务完成！总共 51 条热搜词已覆盖写入到 /usr/src/microsoft-rewards-script/dist/search_terms.txt
[2025-08-02 20:00:01] 正在从 微博官方接口 获取数据...
[2025-08-02 20:00:01] 处理 微博官方接口 数据时发生错误: 403 Client Error: Forbidden for url: https://weibo.com/ajax/side/hotSearch
[2025-08-02 20:00:01] 正在从 百度实时热搜榜 获取数据...
[2025-08-02 20:00:02] 成功从 百度实时热搜榜 获取 51 条热搜。
[2025-08-02 20:00:02] 正在从 知乎热榜 获取数据...
[2025-08-02 20:00:02] 处理 知乎热榜 数据时发生错误: 404 Client Error: Not Found for url: https://api.zhihu.com/topsearch/hot-list
[2025-08-02 20:00:02] 
任务完成！总共 51 条热搜词已覆盖写入到 /usr/src/microsoft-rewards-script/dist/search_terms.txt
[2025-08-02 22:00:02] 正在从 微博官方接口 获取数据...
[2025-08-02 22:00:02] 处理 微博官方接口 数据时发生错误: 403 Client Error: Forbidden for url: https://weibo.com/ajax/side/hotSearch
[2025-08-02 22:00:02] 正在从 百度实时热搜榜 获取数据...
[2025-08-02 22:00:02] 成功从 百度实时热搜榜 获取 51 条热搜。
[2025-08-02 22:00:02] 正在从 知乎热榜 获取数据...
[2025-08-02 22:00:02] 处理 知乎热榜 数据时发生错误: 404 Client Error: Not Found for url: https://api.zhihu.com/topsearch/hot-list
[2025-08-02 22:00:02] 
任务完成！总共 51 条热搜词已覆盖写入到 /usr/src/microsoft-rewards-script/dist/search_terms.txt
[2025-08-03 00:00:01] 正在从 微博官方接口 获取数据...
[2025-08-03 00:00:01] 处理 微博官方接口 数据时发生错误: 403 Client Error: Forbidden for url: https://weibo.com/ajax/side/hotSearch
[2025-08-03 00:00:01] 正在从 百度实时热搜榜 获取数据...
[2025-08-03 00:00:02] 成功从 百度实时热搜榜 获取 51 条热搜。
[2025-08-03 00:00:02] 正在从 知乎热榜 获取数据...
[2025-08-03 00:00:02] 处理 知乎热榜 数据时发生错误: 404 Client Error: Not Found for url: https://api.zhihu.com/topsearch/hot-list
[2025-08-03 00:00:02] 
任务完成！总共 51 条热搜词已覆盖写入到 /usr/src/microsoft-rewards-script/dist/search_terms.txt
[2025-08-03 02:00:01] 正在从 微博官方接口 获取数据...
[2025-08-03 02:00:02] 处理 微博官方接口 数据时发生错误: 403 Client Error: Forbidden for url: https://weibo.com/ajax/side/hotSearch
[2025-08-03 02:00:02] 正在从 百度实时热搜榜 获取数据...
[2025-08-03 02:00:02] 成功从 百度实时热搜榜 获取 51 条热搜。
[2025-08-03 02:00:02] 正在从 知乎热榜 获取数据...
[2025-08-03 02:00:02] 处理 知乎热榜 数据时发生错误: 404 Client Error: Not Found for url: https://api.zhihu.com/topsearch/hot-list
[2025-08-03 02:00:02] 
任务完成！总共 51 条热搜词已覆盖写入到 /usr/src/microsoft-rewards-script/dist/search_terms.txt
[2025-08-03 04:00:02] 正在从 微博官方接口 获取数据...
[2025-08-03 04:00:02] 处理 微博官方接口 数据时发生错误: 403 Client Error: Forbidden for url: https://weibo.com/ajax/side/hotSearch
[2025-08-03 04:00:02] 正在从 百度实时热搜榜 获取数据...
[2025-08-03 04:00:02] 成功从 百度实时热搜榜 获取 51 条热搜。
[2025-08-03 04:00:02] 正在从 知乎热榜 获取数据...
[2025-08-03 04:00:02] 处理 知乎热榜 数据时发生错误: 404 Client Error: Not Found for url: https://api.zhihu.com/topsearch/hot-list
[2025-08-03 04:00:02] 
任务完成！总共 51 条热搜词已覆盖写入到 /usr/src/microsoft-rewards-script/dist/search_terms.txt
[2025-08-03 06:00:01] 正在从 微博官方接口 获取数据...
[2025-08-03 06:00:02] 处理 微博官方接口 数据时发生错误: 403 Client Error: Forbidden for url: https://weibo.com/ajax/side/hotSearch
[2025-08-03 06:00:02] 正在从 百度实时热搜榜 获取数据...
[2025-08-03 06:00:02] 成功从 百度实时热搜榜 获取 51 条热搜。
[2025-08-03 06:00:02] 正在从 知乎热榜 获取数据...
[2025-08-03 06:00:02] 处理 知乎热榜 数据时发生错误: 404 Client Error: Not Found for url: https://api.zhihu.com/topsearch/hot-list
[2025-08-03 06:00:02] 
任务完成！总共 51 条热搜词已覆盖写入到 /usr/src/microsoft-rewards-script/dist/search_terms.txt
[2025-08-03 08:00:02] 正在从 微博官方接口 获取数据...
[2025-08-03 08:00:02] 处理 微博官方接口 数据时发生错误: 403 Client Error: Forbidden for url: https://weibo.com/ajax/side/hotSearch
[2025-08-03 08:00:02] 正在从 百度实时热搜榜 获取数据...
[2025-08-03 08:00:02] 成功从 百度实时热搜榜 获取 51 条热搜。
[2025-08-03 08:00:02] 正在从 知乎热榜 获取数据...
[2025-08-03 08:00:02] 处理 知乎热榜 数据时发生错误: 404 Client Error: Not Found for url: https://api.zhihu.com/topsearch/hot-list
[2025-08-03 08:00:02] 
任务完成！总共 51 条热搜词已覆盖写入到 /usr/src/microsoft-rewards-script/dist/search_terms.txt
[2025-08-03 10:00:01] 正在从 微博官方接口 获取数据...
[2025-08-03 10:00:01] 处理 微博官方接口 数据时发生错误: 403 Client Error: Forbidden for url: https://weibo.com/ajax/side/hotSearch
[2025-08-03 10:00:01] 正在从 百度实时热搜榜 获取数据...
[2025-08-03 10:00:02] 成功从 百度实时热搜榜 获取 51 条热搜。
[2025-08-03 10:00:02] 正在从 知乎热榜 获取数据...
[2025-08-03 10:00:02] 处理 知乎热榜 数据时发生错误: 404 Client Error: Not Found for url: https://api.zhihu.com/topsearch/hot-list
[2025-08-03 10:00:02] 
任务完成！总共 51 条热搜词已覆盖写入到 /usr/src/microsoft-rewards-script/dist/search_terms.txt
[2025-08-03 12:00:01] 正在从 微博官方接口 获取数据...
[2025-08-03 12:00:01] 处理 微博官方接口 数据时发生错误: 403 Client Error: Forbidden for url: https://weibo.com/ajax/side/hotSearch
[2025-08-03 12:00:01] 正在从 百度实时热搜榜 获取数据...
[2025-08-03 12:00:02] 成功从 百度实时热搜榜 获取 51 条热搜。
[2025-08-03 12:00:02] 正在从 知乎热榜 获取数据...
[2025-08-03 12:00:02] 处理 知乎热榜 数据时发生错误: 404 Client Error: Not Found for url: https://api.zhihu.com/topsearch/hot-list
[2025-08-03 12:00:02] 
任务完成！总共 51 条热搜词已覆盖写入到 /usr/src/microsoft-rewards-script/dist/search_terms.txt
[2025-08-03 14:00:02] 正在从 微博官方接口 获取数据...
[2025-08-03 14:00:02] 处理 微博官方接口 数据时发生错误: 403 Client Error: Forbidden for url: https://weibo.com/ajax/side/hotSearch
[2025-08-03 14:00:02] 正在从 百度实时热搜榜 获取数据...
[2025-08-03 14:00:03] 成功从 百度实时热搜榜 获取 51 条热搜。
[2025-08-03 14:00:03] 正在从 知乎热榜 获取数据...
[2025-08-03 14:00:03] 处理 知乎热榜 数据时发生错误: 404 Client Error: Not Found for url: https://api.zhihu.com/topsearch/hot-list
[2025-08-03 14:00:03] 
任务完成！总共 51 条热搜词已覆盖写入到 /usr/src/microsoft-rewards-script/dist/search_terms.txt
[2025-08-03 16:00:01] 正在从 微博官方接口 获取数据...
[2025-08-03 16:00:02] 处理 微博官方接口 数据时发生错误: 403 Client Error: Forbidden for url: https://weibo.com/ajax/side/hotSearch
[2025-08-03 16:00:02] 正在从 百度实时热搜榜 获取数据...
[2025-08-03 16:00:02] 成功从 百度实时热搜榜 获取 51 条热搜。
[2025-08-03 16:00:02] 正在从 知乎热榜 获取数据...
[2025-08-03 16:00:03] 处理 知乎热榜 数据时发生错误: 404 Client Error: Not Found for url: https://api.zhihu.com/topsearch/hot-list
[2025-08-03 16:00:03] 
任务完成！总共 51 条热搜词已覆盖写入到 /usr/src/microsoft-rewards-script/dist/search_terms.txt
[2025-08-03 18:00:01] 正在从 微博官方接口 获取数据...
[2025-08-03 18:00:02] 处理 微博官方接口 数据时发生错误: 403 Client Error: Forbidden for url: https://weibo.com/ajax/side/hotSearch
[2025-08-03 18:00:02] 正在从 百度实时热搜榜 获取数据...
[2025-08-03 18:00:02] 成功从 百度实时热搜榜 获取 51 条热搜。
[2025-08-03 18:00:02] 正在从 知乎热榜 获取数据...
[2025-08-03 18:00:02] 处理 知乎热榜 数据时发生错误: 404 Client Error: Not Found for url: https://api.zhihu.com/topsearch/hot-list
[2025-08-03 18:00:02] 
任务完成！总共 51 条热搜词已覆盖写入到 /usr/src/microsoft-rewards-script/dist/search_terms.txt
[2025-08-03 20:00:02] 正在从 微博官方接口 获取数据...
[2025-08-03 20:00:02] 处理 微博官方接口 数据时发生错误: 403 Client Error: Forbidden for url: https://weibo.com/ajax/side/hotSearch
[2025-08-03 20:00:02] 正在从 百度实时热搜榜 获取数据...
[2025-08-03 20:00:03] 成功从 百度实时热搜榜 获取 51 条热搜。
[2025-08-03 20:00:03] 正在从 知乎热榜 获取数据...
[2025-08-03 20:00:03] 处理 知乎热榜 数据时发生错误: 404 Client Error: Not Found for url: https://api.zhihu.com/topsearch/hot-list
[2025-08-03 20:00:03] 
任务完成！总共 51 条热搜词已覆盖写入到 /usr/src/microsoft-rewards-script/dist/search_terms.txt
[2025-08-03 22:00:02] 正在从 微博官方接口 获取数据...
[2025-08-03 22:00:02] 处理 微博官方接口 数据时发生错误: 403 Client Error: Forbidden for url: https://weibo.com/ajax/side/hotSearch
[2025-08-03 22:00:02] 正在从 百度实时热搜榜 获取数据...
[2025-08-03 22:00:02] 成功从 百度实时热搜榜 获取 51 条热搜。
[2025-08-03 22:00:02] 正在从 知乎热榜 获取数据...
[2025-08-03 22:00:02] 处理 知乎热榜 数据时发生错误: 404 Client Error: Not Found for url: https://api.zhihu.com/topsearch/hot-list
[2025-08-03 22:00:02] 
任务完成！总共 51 条热搜词已覆盖写入到 /usr/src/microsoft-rewards-script/dist/search_terms.txt
[2025-08-04 00:00:01] 正在从 微博官方接口 获取数据...
[2025-08-04 00:00:01] 处理 微博官方接口 数据时发生错误: 403 Client Error: Forbidden for url: https://weibo.com/ajax/side/hotSearch
[2025-08-04 00:00:01] 正在从 百度实时热搜榜 获取数据...
[2025-08-04 00:00:01] 成功从 百度实时热搜榜 获取 51 条热搜。
[2025-08-04 00:00:01] 正在从 知乎热榜 获取数据...
[2025-08-04 00:00:02] 处理 知乎热榜 数据时发生错误: 404 Client Error: Not Found for url: https://api.zhihu.com/topsearch/hot-list
[2025-08-04 00:00:02] 
任务完成！总共 51 条热搜词已覆盖写入到 /usr/src/microsoft-rewards-script/dist/search_terms.txt
[2025-08-04 02:00:01] 正在从 微博官方接口 获取数据...
[2025-08-04 02:00:01] 处理 微博官方接口 数据时发生错误: 403 Client Error: Forbidden for url: https://weibo.com/ajax/side/hotSearch
[2025-08-04 02:00:01] 正在从 百度实时热搜榜 获取数据...
[2025-08-04 02:00:02] 成功从 百度实时热搜榜 获取 51 条热搜。
[2025-08-04 02:00:02] 正在从 知乎热榜 获取数据...
[2025-08-04 02:00:02] 处理 知乎热榜 数据时发生错误: 404 Client Error: Not Found for url: https://api.zhihu.com/topsearch/hot-list
[2025-08-04 02:00:02] 
任务完成！总共 51 条热搜词已覆盖写入到 /usr/src/microsoft-rewards-script/dist/search_terms.txt
[2025-08-04 04:00:02] 正在从 微博官方接口 获取数据...
[2025-08-04 04:00:02] 处理 微博官方接口 数据时发生错误: 403 Client Error: Forbidden for url: https://weibo.com/ajax/side/hotSearch
[2025-08-04 04:00:02] 正在从 百度实时热搜榜 获取数据...
[2025-08-04 04:00:02] 成功从 百度实时热搜榜 获取 51 条热搜。
[2025-08-04 04:00:02] 正在从 知乎热榜 获取数据...
[2025-08-04 04:00:02] 处理 知乎热榜 数据时发生错误: 404 Client Error: Not Found for url: https://api.zhihu.com/topsearch/hot-list
[2025-08-04 04:00:02] 
任务完成！总共 51 条热搜词已覆盖写入到 /usr/src/microsoft-rewards-script/dist/search_terms.txt
[2025-08-04 06:00:02] 正在从 微博官方接口 获取数据...
[2025-08-04 06:00:02] 处理 微博官方接口 数据时发生错误: 403 Client Error: Forbidden for url: https://weibo.com/ajax/side/hotSearch
[2025-08-04 06:00:02] 正在从 百度实时热搜榜 获取数据...
[2025-08-04 06:00:03] 成功从 百度实时热搜榜 获取 51 条热搜。
[2025-08-04 06:00:03] 正在从 知乎热榜 获取数据...
[2025-08-04 06:00:03] 处理 知乎热榜 数据时发生错误: 404 Client Error: Not Found for url: https://api.zhihu.com/topsearch/hot-list
[2025-08-04 06:00:03] 
任务完成！总共 51 条热搜词已覆盖写入到 /usr/src/microsoft-rewards-script/dist/search_terms.txt
[2025-08-04 08:00:02] 正在从 微博官方接口 获取数据...
[2025-08-04 08:00:02] 处理 微博官方接口 数据时发生错误: 403 Client Error: Forbidden for url: https://weibo.com/ajax/side/hotSearch
[2025-08-04 08:00:02] 正在从 百度实时热搜榜 获取数据...
[2025-08-04 08:00:02] 成功从 百度实时热搜榜 获取 51 条热搜。
[2025-08-04 08:00:02] 正在从 知乎热榜 获取数据...
[2025-08-04 08:00:02] 处理 知乎热榜 数据时发生错误: 404 Client Error: Not Found for url: https://api.zhihu.com/topsearch/hot-list
[2025-08-04 08:00:02] 
任务完成！总共 51 条热搜词已覆盖写入到 /usr/src/microsoft-rewards-script/dist/search_terms.txt
[2025-08-04 10:00:01] 正在从 微博官方接口 获取数据...
[2025-08-04 10:00:02] 处理 微博官方接口 数据时发生错误: 403 Client Error: Forbidden for url: https://weibo.com/ajax/side/hotSearch
[2025-08-04 10:00:02] 正在从 百度实时热搜榜 获取数据...
[2025-08-04 10:00:02] 成功从 百度实时热搜榜 获取 51 条热搜。
[2025-08-04 10:00:02] 正在从 知乎热榜 获取数据...
[2025-08-04 10:00:03] 处理 知乎热榜 数据时发生错误: 404 Client Error: Not Found for url: https://api.zhihu.com/topsearch/hot-list
[2025-08-04 10:00:03] 
任务完成！总共 51 条热搜词已覆盖写入到 /usr/src/microsoft-rewards-script/dist/search_terms.txt
[2025-08-04 12:00:01] 正在从 微博官方接口 获取数据...
[2025-08-04 12:00:02] 处理 微博官方接口 数据时发生错误: 403 Client Error: Forbidden for url: https://weibo.com/ajax/side/hotSearch
[2025-08-04 12:00:02] 正在从 百度实时热搜榜 获取数据...
[2025-08-04 12:00:02] 成功从 百度实时热搜榜 获取 51 条热搜。
[2025-08-04 12:00:02] 正在从 知乎热榜 获取数据...
[2025-08-04 12:00:02] 处理 知乎热榜 数据时发生错误: 404 Client Error: Not Found for url: https://api.zhihu.com/topsearch/hot-list
[2025-08-04 12:00:02] 
任务完成！总共 51 条热搜词已覆盖写入到 /usr/src/microsoft-rewards-script/dist/search_terms.txt
[2025-08-04 14:00:01] 正在从 微博官方接口 获取数据...
[2025-08-04 14:00:01] 处理 微博官方接口 数据时发生错误: 403 Client Error: Forbidden for url: https://weibo.com/ajax/side/hotSearch
[2025-08-04 14:00:01] 正在从 百度实时热搜榜 获取数据...
[2025-08-04 14:00:02] 成功从 百度实时热搜榜 获取 51 条热搜。
[2025-08-04 14:00:02] 正在从 知乎热榜 获取数据...
[2025-08-04 14:00:02] 处理 知乎热榜 数据时发生错误: 404 Client Error: Not Found for url: https://api.zhihu.com/topsearch/hot-list
[2025-08-04 14:00:02] 
任务完成！总共 51 条热搜词已覆盖写入到 /usr/src/microsoft-rewards-script/dist/search_terms.txt
[2025-08-04 16:00:01] 读取配置文件失败: [Errno 2] No such file or directory: '/usr/src/microsoft-rewards-script/dist/config.json'
[2025-08-04 18:00:02] 读取配置文件失败: [Errno 2] No such file or directory: '/usr/src/microsoft-rewards-script/dist/config.json'
[2025-08-04 20:00:02] 读取配置文件失败: [Errno 2] No such file or directory: '/usr/src/microsoft-rewards-script/dist/config.json'
[2025-08-04 22:00:01] 读取配置文件失败: [Errno 2] No such file or directory: '/usr/src/microsoft-rewards-script/dist/config.json'
[2025-08-05 00:00:01] 读取配置文件失败: [Errno 2] No such file or directory: '/usr/src/microsoft-rewards-script/dist/config.json'
[2025-08-05 02:00:02] 读取配置文件失败: [Errno 2] No such file or directory: '/usr/src/microsoft-rewards-script/dist/config.json'
[2025-08-05 04:00:01] 读取配置文件失败: [Errno 2] No such file or directory: '/usr/src/microsoft-rewards-script/dist/config.json'
[2025-08-05 06:00:01] 读取配置文件失败: [Errno 2] No such file or directory: '/usr/src/microsoft-rewards-script/dist/config.json'
[2025-08-05 08:00:01] 读取配置文件失败: [Errno 2] No such file or directory: '/usr/src/microsoft-rewards-script/dist/config.json'
[2025-08-05 10:00:02] 读取配置文件失败: [Errno 2] No such file or directory: '/usr/src/microsoft-rewards-script/dist/config.json'
[2025-08-05 12:00:01] 读取配置文件失败: [Errno 2] No such file or directory: '/usr/src/microsoft-rewards-script/dist/config.json'
[2025-08-05 14:00:01] 读取配置文件失败: [Errno 2] No such file or directory: '/usr/src/microsoft-rewards-script/dist/config.json'
[2025-08-05 16:00:02] 读取配置文件失败: [Errno 2] No such file or directory: '/usr/src/microsoft-rewards-script/dist/config.json'
[2025-08-05 18:00:01] 读取配置文件失败: [Errno 2] No such file or directory: '/usr/src/microsoft-rewards-script/dist/config.json'
[2025-08-05 20:00:01] 读取配置文件失败: [Errno 2] No such file or directory: '/usr/src/microsoft-rewards-script/dist/config.json'
